<?xml version="1.0" encoding="UTF-8"?>
<!-- Generated by org.testng.reporters.JUnitXMLReporter -->
<testsuite ignored="2" hostname="DESKTOP-BCO7KA2" failures="1" tests="17" name="Test" time="662.435" errors="0" timestamp="2023-02-05T17:24:57 IST">
  <testcase classname="selenium.methods.GetandNavigate" name="getandnavigate" time="55.061"/>
  <testcase classname="selenium.methods.AutoSuggestions" name="autoSuggestions" time="111.206"/>
  <testcase classname="selenium.methods.ZoominZoomout" name="zoomInOut" time="29.571"/>
  <testcase classname="selenium.methods.HeadlessMode" name="headlessBrowser" time="16.169"/>
  <testcase classname="selenium.methods.SendKeys" name="sendkeys" time="20.918"/>
  <testcase classname="selenium.methods.HTMLCodeofElement" name="htmlcodeofElement" time="10.258"/>
  <testcase classname="selenium.methods.ScreenshotFileHandler" name="screenshotfileHandler" time="27.665"/>
  <testcase classname="selenium.methods.HideAutomationMessage" name="hideAutomationMessage" time="8.849"/>
  <testcase classname="selenium.methods.Screenshotoffullpage" name="takesScreenshot" time="28.937"/>
  <testcase classname="selenium.methods.setSize" name="setsize" time="15.31"/>
  <testcase classname="selenium.methods.ScrolltillElement" name="scrolltoElement" time="82.378">
    <failure type="org.openqa.selenium.ScriptTimeoutException" message="Timed out after 30000 ms
Build info: version: &amp;apos;4.8.0&amp;apos;, revision: &amp;apos;267030adea&amp;apos;
System info: os.name: &amp;apos;Windows 10&amp;apos;, os.arch: &amp;apos;amd64&amp;apos;, os.version: &amp;apos;10.0&amp;apos;, java.version: &amp;apos;17.0.6&amp;apos;
Driver info: org.openqa.selenium.firefox.FirefoxDriver
Command: [ddfeb35c-f62f-452f-a299-b70171a55416, executeAsyncScript {script=arguments[0].scrollIntoView(true);, args=[{ELEMENT=f2c4dc3a-a12d-4830-80ce-7489bdde3f09, element-6066-11e4-a52e-4f735466cecf=f2c4dc3a-a12d-4830-80ce-7489bdde3f09}]}]
Capabilities {acceptInsecureCerts: true, browserName: firefox, browserVersion: 109.0.1, moz:accessibilityChecks: false, moz:buildID: 20230127170202, moz:debuggerAddress: 127.0.0.1:35147, moz:geckodriverVersion: 0.32.1, moz:headless: false, moz:platformVersion: 10.0, moz:processID: 1544, moz:profile: C:\Users\Dell\AppData\Local..., moz:shutdownTimeout: 60000, moz:useNonSpecCompliantPointerOrigin: false, moz:webdriverClick: true, moz:windowless: false, pageLoadStrategy: normal, platformName: WINDOWS, proxy: Proxy(), se:cdp: ws://127.0.0.1:35147/devtoo..., se:cdpVersion: 85.0, setWindowRect: true, strictFileInteractability: false, timeouts: {implicit: 0, pageLoad: 300000, script: 30000}, unhandledPromptBehavior: dismiss and notify}
Session ID: ddfeb35c-f62f-452f-a299-b70171a55416">
      <![CDATA[org.openqa.selenium.ScriptTimeoutException: Timed out after 30000 ms
Build info: version: '4.8.0', revision: '267030adea'
System info: os.name: 'Windows 10', os.arch: 'amd64', os.version: '10.0', java.version: '17.0.6'
Driver info: org.openqa.selenium.firefox.FirefoxDriver
Command: [ddfeb35c-f62f-452f-a299-b70171a55416, executeAsyncScript {script=arguments[0].scrollIntoView(true);, args=[{ELEMENT=f2c4dc3a-a12d-4830-80ce-7489bdde3f09, element-6066-11e4-a52e-4f735466cecf=f2c4dc3a-a12d-4830-80ce-7489bdde3f09}]}]
Capabilities {acceptInsecureCerts: true, browserName: firefox, browserVersion: 109.0.1, moz:accessibilityChecks: false, moz:buildID: 20230127170202, moz:debuggerAddress: 127.0.0.1:35147, moz:geckodriverVersion: 0.32.1, moz:headless: false, moz:platformVersion: 10.0, moz:processID: 1544, moz:profile: C:\Users\Dell\AppData\Local..., moz:shutdownTimeout: 60000, moz:useNonSpecCompliantPointerOrigin: false, moz:webdriverClick: true, moz:windowless: false, pageLoadStrategy: normal, platformName: WINDOWS, proxy: Proxy(), se:cdp: ws://127.0.0.1:35147/devtoo..., se:cdpVersion: 85.0, setWindowRect: true, strictFileInteractability: false, timeouts: {implicit: 0, pageLoad: 300000, script: 30000}, unhandledPromptBehavior: dismiss and notify}
Session ID: ddfeb35c-f62f-452f-a299-b70171a55416
at org.openqa.selenium.remote.codec.w3c.W3CHttpResponseCodec.createException(W3CHttpResponseCodec.java:200)
at org.openqa.selenium.remote.codec.w3c.W3CHttpResponseCodec.decode(W3CHttpResponseCodec.java:133)
at org.openqa.selenium.remote.codec.w3c.W3CHttpResponseCodec.decode(W3CHttpResponseCodec.java:53)
at org.openqa.selenium.remote.HttpCommandExecutor.execute(HttpCommandExecutor.java:184)
at org.openqa.selenium.remote.service.DriverCommandExecutor.invokeExecute(DriverCommandExecutor.java:167)
at org.openqa.selenium.remote.service.DriverCommandExecutor.execute(DriverCommandExecutor.java:142)
at org.openqa.selenium.remote.RemoteWebDriver.execute(RemoteWebDriver.java:543)
at org.openqa.selenium.remote.RemoteWebDriver.executeAsyncScript(RemoteWebDriver.java:493)
at selenium.methods.ScrolltillElement.scrolltoElement(ScrolltillElement.java:26)
at java.base/java.util.ArrayList.forEach(ArrayList.java:1511)
... Removed 32 stack frames]]>
    </failure>
  </testcase> <!-- scrolltoElement -->
  <testcase classname="selenium.methods.ScreenshotFileUtils" name="screenshotfileUtils" time="34.959"/>
  <testcase classname="selenium.methods.ScrollWindow" name="scrolltheWindow" time="46.76"/>
  <testcase classname="selenium.methods.getText" name="gettext" time="26.043"/>
  <testcase classname="selenium.methods.Alerts" name="handleAlert" time="31.401"/>
  <testcase classname="selenium.methods.DisablePushNotificatin" name="disablePushNotification" time="70.581"/>
  <testcase classname="selenium.methods.screenshotusingRobotClass" name="screenShotusingrobot" time="45.725"/>
  <testcase classname="selenium.methods.DownloadFileInFirefox" name="downloadFileInFolder" time="0.0">
    <ignored/>
  </testcase> <!-- downloadFileInFolder -->
  <testcase classname="selenium.methods.DownloadFileInChrome" name="downloadFile" time="0.0">
    <ignored/>
  </testcase> <!-- downloadFile -->
</testsuite> <!-- Test -->
